<?xml version="1.0" encoding="UTF-8"?>
<!-- Generated by org.testng.reporters.JUnitReportReporter -->
<testsuite hostname="Monikas-MacBook-Pro.local" failures="0" tests="1" name="com.visualcrossing.test.HomePageTest" time="5.273" errors="0" timestamp="2023-07-23T00:35:34 IST" skipped="0">
  <testcase classname="com.visualcrossing.test.HomePageTest" name="testSearchLocation" time="5.273"/>
  <system-out/>
</testsuite> <!-- com.visualcrossing.test.HomePageTest -->
